<?xml version="1.0" encoding="UTF-8"?>
<coverage generated="1688557306">
  <project timestamp="1688557306">
    <file name="C:\Users\josse\OneDrive\Bureau\ToDoList\src\Controller\DefaultController.php">
      <class name="App\Controller\DefaultController" namespace="global">
        <metrics complexity="1" methods="1" coveredmethods="1" conditionals="0" coveredconditionals="0" statements="1" coveredstatements="1" elements="2" coveredelements="2"/>
      </class>
      <line num="11" type="method" name="indexAction" visibility="public" complexity="1" crap="1" count="3"/>
      <line num="14" type="stmt" count="3"/>
      <metrics loc="17" ncloc="17" classes="1" methods="1" coveredmethods="1" conditionals="0" coveredconditionals="0" statements="1" coveredstatements="1" elements="2" coveredelements="2"/>
    </file>
    <file name="C:\Users\josse\OneDrive\Bureau\ToDoList\src\Controller\SecurityController.php">
      <class name="App\Controller\SecurityController" namespace="global">
        <metrics complexity="1" methods="1" coveredmethods="1" conditionals="0" coveredconditionals="0" statements="6" coveredstatements="6" elements="7" coveredelements="7"/>
      </class>
      <line num="12" type="method" name="loginAction" visibility="public" complexity="1" crap="1" count="8"/>
      <line num="15" type="stmt" count="8"/>
      <line num="16" type="stmt" count="8"/>
      <line num="18" type="stmt" count="8"/>
      <line num="19" type="stmt" count="8"/>
      <line num="20" type="stmt" count="8"/>
      <line num="21" type="stmt" count="8"/>
      <metrics loc="25" ncloc="25" classes="1" methods="1" coveredmethods="1" conditionals="0" coveredconditionals="0" statements="6" coveredstatements="6" elements="7" coveredelements="7"/>
    </file>
    <file name="C:\Users\josse\OneDrive\Bureau\ToDoList\src\Controller\TaskController.php">
      <class name="App\Controller\TaskController" namespace="global">
        <metrics complexity="18" methods="5" coveredmethods="3" conditionals="0" coveredconditionals="0" statements="51" coveredstatements="32" elements="56" coveredelements="35"/>
      </class>
      <line num="17" type="method" name="listAction" visibility="public" complexity="2" crap="2" count="6"/>
      <line num="21" type="stmt" count="6"/>
      <line num="22" type="stmt" count="6"/>
      <line num="25" type="stmt" count="6"/>
      <line num="28" type="stmt" count="6"/>
      <line num="29" type="stmt" count="1"/>
      <line num="30" type="stmt" count="1"/>
      <line num="33" type="stmt" count="6"/>
      <line num="37" type="method" name="createAction" visibility="public" complexity="3" crap="12" count="0"/>
      <line num="41" type="stmt" count="0"/>
      <line num="42" type="stmt" count="0"/>
      <line num="44" type="stmt" count="0"/>
      <line num="46" type="stmt" count="0"/>
      <line num="48" type="stmt" count="0"/>
      <line num="51" type="stmt" count="0"/>
      <line num="53" type="stmt" count="0"/>
      <line num="54" type="stmt" count="0"/>
      <line num="56" type="stmt" count="0"/>
      <line num="58" type="stmt" count="0"/>
      <line num="61" type="stmt" count="0"/>
      <line num="64" type="method" name="editAction" visibility="public" complexity="3" crap="3" count="1"/>
      <line num="68" type="stmt" count="1"/>
      <line num="70" type="stmt" count="1"/>
      <line num="72" type="stmt" count="1"/>
      <line num="73" type="stmt" count="1"/>
      <line num="75" type="stmt" count="1"/>
      <line num="77" type="stmt" count="1"/>
      <line num="80" type="stmt" count="1"/>
      <line num="81" type="stmt" count="1"/>
      <line num="82" type="stmt" count="1"/>
      <line num="83" type="stmt" count="1"/>
      <line num="86" type="method" name="toggleTaskAction" visibility="public" complexity="9" crap="14.18" count="2"/>
      <line num="91" type="stmt" count="2"/>
      <line num="92" type="stmt" count="2"/>
      <line num="95" type="stmt" count="2"/>
      <line num="96" type="stmt" count="0"/>
      <line num="99" type="stmt" count="2"/>
      <line num="101" type="stmt" count="0"/>
      <line num="102" type="stmt" count="0"/>
      <line num="104" type="stmt" count="0"/>
      <line num="105" type="stmt" count="0"/>
      <line num="107" type="stmt" count="0"/>
      <line num="110" type="stmt" count="0"/>
      <line num="113" type="stmt" count="2"/>
      <line num="115" type="stmt" count="1"/>
      <line num="116" type="stmt" count="1"/>
      <line num="118" type="stmt" count="1"/>
      <line num="119" type="stmt" count="0"/>
      <line num="121" type="stmt" count="1"/>
      <line num="124" type="stmt" count="1"/>
      <line num="127" type="stmt" count="1"/>
      <line num="128" type="stmt" count="1"/>
      <line num="132" type="method" name="deleteTaskAction" visibility="public" complexity="1" crap="1" count="2"/>
      <line num="136" type="stmt" count="2"/>
      <line num="138" type="stmt" count="2"/>
      <line num="140" type="stmt" count="2"/>
      <metrics loc="143" ncloc="134" classes="1" methods="5" coveredmethods="3" conditionals="0" coveredconditionals="0" statements="51" coveredstatements="32" elements="56" coveredelements="35"/>
    </file>
    <file name="C:\Users\josse\OneDrive\Bureau\ToDoList\src\Controller\UserController.php">
      <class name="App\Controller\UserController" namespace="global">
        <metrics complexity="7" methods="3" coveredmethods="3" conditionals="0" coveredconditionals="0" statements="29" coveredstatements="29" elements="32" coveredelements="32"/>
      </class>
      <line num="18" type="method" name="listAction" visibility="public" complexity="1" crap="1" count="2"/>
      <line num="22" type="stmt" count="2"/>
      <line num="25" type="method" name="createAction" visibility="public" complexity="3" crap="3" count="2"/>
      <line num="29" type="stmt" count="2"/>
      <line num="30" type="stmt" count="2"/>
      <line num="32" type="stmt" count="2"/>
      <line num="34" type="stmt" count="2"/>
      <line num="36" type="stmt" count="1"/>
      <line num="37" type="stmt" count="1"/>
      <line num="38" type="stmt" count="1"/>
      <line num="39" type="stmt" count="1"/>
      <line num="40" type="stmt" count="1"/>
      <line num="41" type="stmt" count="1"/>
      <line num="43" type="stmt" count="1"/>
      <line num="46" type="stmt" count="1"/>
      <line num="48" type="stmt" count="1"/>
      <line num="50" type="stmt" count="1"/>
      <line num="52" type="stmt" count="1"/>
      <line num="55" type="stmt" count="2"/>
      <line num="58" type="method" name="editAction" visibility="public" complexity="3" crap="3" count="1"/>
      <line num="66" type="stmt" count="1"/>
      <line num="68" type="stmt" count="1"/>
      <line num="70" type="stmt" count="1"/>
      <line num="71" type="stmt" count="1"/>
      <line num="72" type="stmt" count="1"/>
      <line num="73" type="stmt" count="1"/>
      <line num="74" type="stmt" count="1"/>
      <line num="76" type="stmt" count="1"/>
      <line num="78" type="stmt" count="1"/>
      <line num="80" type="stmt" count="1"/>
      <line num="82" type="stmt" count="1"/>
      <line num="85" type="stmt" count="1"/>
      <metrics loc="88" ncloc="82" classes="1" methods="3" coveredmethods="3" conditionals="0" coveredconditionals="0" statements="29" coveredstatements="29" elements="32" coveredelements="32"/>
    </file>
    <file name="C:\Users\josse\OneDrive\Bureau\ToDoList\src\DataFixtures\AppFixtures.php">
      <class name="App\DataFixtures\AppFixtures" namespace="global">
        <metrics complexity="5" methods="2" coveredmethods="0" conditionals="0" coveredconditionals="0" statements="33" coveredstatements="0" elements="35" coveredelements="0"/>
      </class>
      <line num="15" type="method" name="__construct" visibility="public" complexity="1" crap="2" count="0"/>
      <line num="17" type="stmt" count="0"/>
      <line num="21" type="method" name="load" visibility="public" complexity="4" crap="20" count="0"/>
      <line num="24" type="stmt" count="0"/>
      <line num="25" type="stmt" count="0"/>
      <line num="26" type="stmt" count="0"/>
      <line num="27" type="stmt" count="0"/>
      <line num="28" type="stmt" count="0"/>
      <line num="30" type="stmt" count="0"/>
      <line num="33" type="stmt" count="0"/>
      <line num="34" type="stmt" count="0"/>
      <line num="35" type="stmt" count="0"/>
      <line num="36" type="stmt" count="0"/>
      <line num="37" type="stmt" count="0"/>
      <line num="38" type="stmt" count="0"/>
      <line num="40" type="stmt" count="0"/>
      <line num="44" type="stmt" count="0"/>
      <line num="45" type="stmt" count="0"/>
      <line num="46" type="stmt" count="0"/>
      <line num="47" type="stmt" count="0"/>
      <line num="48" type="stmt" count="0"/>
      <line num="49" type="stmt" count="0"/>
      <line num="50" type="stmt" count="0"/>
      <line num="51" type="stmt" count="0"/>
      <line num="52" type="stmt" count="0"/>
      <line num="56" type="stmt" count="0"/>
      <line num="57" type="stmt" count="0"/>
      <line num="58" type="stmt" count="0"/>
      <line num="59" type="stmt" count="0"/>
      <line num="60" type="stmt" count="0"/>
      <line num="61" type="stmt" count="0"/>
      <line num="62" type="stmt" count="0"/>
      <line num="63" type="stmt" count="0"/>
      <line num="64" type="stmt" count="0"/>
      <line num="68" type="stmt" count="0"/>
      <metrics loc="70" ncloc="65" classes="1" methods="2" coveredmethods="0" conditionals="0" coveredconditionals="0" statements="33" coveredstatements="0" elements="35" coveredelements="0"/>
    </file>
    <file name="C:\Users\josse\OneDrive\Bureau\ToDoList\src\Entity\Task.php">
      <class name="App\Entity\Task" namespace="global">
        <metrics complexity="12" methods="12" coveredmethods="10" conditionals="0" coveredconditionals="0" statements="18" coveredstatements="15" elements="30" coveredelements="25"/>
      </class>
      <line num="35" type="method" name="__construct" visibility="public" complexity="1" crap="1" count="5"/>
      <line num="37" type="stmt" count="5"/>
      <line num="38" type="stmt" count="5"/>
      <line num="41" type="method" name="getId" visibility="public" complexity="1" crap="1" count="7"/>
      <line num="43" type="stmt" count="7"/>
      <line num="46" type="method" name="getCreatedAt" visibility="public" complexity="1" crap="2" count="0"/>
      <line num="48" type="stmt" count="0"/>
      <line num="51" type="method" name="setCreatedAt" visibility="public" complexity="1" crap="2" count="0"/>
      <line num="53" type="stmt" count="0"/>
      <line num="55" type="stmt" count="0"/>
      <line num="58" type="method" name="getTitle" visibility="public" complexity="1" crap="1" count="9"/>
      <line num="60" type="stmt" count="9"/>
      <line num="63" type="method" name="setTitle" visibility="public" complexity="1" crap="1" count="4"/>
      <line num="65" type="stmt" count="4"/>
      <line num="67" type="stmt" count="4"/>
      <line num="70" type="method" name="getContent" visibility="public" complexity="1" crap="1" count="9"/>
      <line num="72" type="stmt" count="9"/>
      <line num="75" type="method" name="setContent" visibility="public" complexity="1" crap="1" count="4"/>
      <line num="77" type="stmt" count="4"/>
      <line num="79" type="stmt" count="4"/>
      <line num="82" type="method" name="isDone" visibility="public" complexity="1" crap="1" count="6"/>
      <line num="84" type="stmt" count="6"/>
      <line num="87" type="method" name="toggle" visibility="public" complexity="1" crap="1" count="1"/>
      <line num="89" type="stmt" count="1"/>
      <line num="91" type="stmt" count="1"/>
      <line num="94" type="method" name="getUser" visibility="public" complexity="1" crap="1" count="8"/>
      <line num="96" type="stmt" count="8"/>
      <line num="99" type="method" name="setUser" visibility="public" complexity="1" crap="1" count="3"/>
      <line num="101" type="stmt" count="3"/>
      <line num="103" type="stmt" count="3"/>
      <metrics loc="106" ncloc="106" classes="1" methods="12" coveredmethods="10" conditionals="0" coveredconditionals="0" statements="18" coveredstatements="15" elements="30" coveredelements="25"/>
    </file>
    <file name="C:\Users\josse\OneDrive\Bureau\ToDoList\src\Entity\User.php">
      <class name="App\Entity\User" namespace="global">
        <metrics complexity="19" methods="16" coveredmethods="14" conditionals="0" coveredconditionals="0" statements="28" coveredstatements="23" elements="44" coveredelements="37"/>
      </class>
      <line num="42" type="method" name="__construct" visibility="public" complexity="1" crap="1" count="6"/>
      <line num="44" type="stmt" count="6"/>
      <line num="47" type="method" name="getId" visibility="public" complexity="1" crap="1" count="4"/>
      <line num="49" type="stmt" count="4"/>
      <line num="52" type="method" name="getUsername" visibility="public" complexity="1" crap="1" count="7"/>
      <line num="54" type="stmt" count="7"/>
      <line num="57" type="method" name="setUsername" visibility="public" complexity="1" crap="1" count="5"/>
      <line num="59" type="stmt" count="5"/>
      <line num="61" type="stmt" count="5"/>
      <line num="64" type="method" name="getSalt" visibility="public" complexity="1" crap="2" count="0"/>
      <line num="66" type="stmt" count="0"/>
      <line num="69" type="method" name="getPassword" visibility="public" complexity="1" crap="1" count="15"/>
      <line num="71" type="stmt" count="15"/>
      <line num="74" type="method" name="setPassword" visibility="public" complexity="1" crap="1" count="5"/>
      <line num="76" type="stmt" count="5"/>
      <line num="78" type="stmt" count="5"/>
      <line num="81" type="method" name="getEmail" visibility="public" complexity="1" crap="1" count="5"/>
      <line num="83" type="stmt" count="5"/>
      <line num="86" type="method" name="setEmail" visibility="public" complexity="1" crap="1" count="5"/>
      <line num="88" type="stmt" count="5"/>
      <line num="90" type="stmt" count="5"/>
      <line num="93" type="method" name="getRoles" visibility="public" complexity="1" crap="1" count="14"/>
      <line num="95" type="stmt" count="14"/>
      <line num="97" type="stmt" count="14"/>
      <line num="99" type="stmt" count="14"/>
      <line num="102" type="method" name="setRoles" visibility="public" complexity="1" crap="1" count="3"/>
      <line num="104" type="stmt" count="3"/>
      <line num="106" type="stmt" count="3"/>
      <line num="113" type="method" name="getUserIdentifier" visibility="public" complexity="1" crap="1" count="13"/>
      <line num="115" type="stmt" count="13"/>
      <line num="118" type="method" name="eraseCredentials" visibility="public" complexity="1" crap="1" count="3"/>
      <line num="120" type="stmt" count="3"/>
      <line num="123" type="method" name="getTasks" visibility="public" complexity="1" crap="1" count="5"/>
      <line num="125" type="stmt" count="5"/>
      <line num="128" type="method" name="addTask" visibility="public" complexity="2" crap="2" count="1"/>
      <line num="130" type="stmt" count="1"/>
      <line num="131" type="stmt" count="1"/>
      <line num="132" type="stmt" count="1"/>
      <line num="134" type="stmt" count="1"/>
      <line num="137" type="method" name="removeTask" visibility="public" complexity="3" crap="12" count="0"/>
      <line num="139" type="stmt" count="0"/>
      <line num="141" type="stmt" count="0"/>
      <line num="142" type="stmt" count="0"/>
      <line num="145" type="stmt" count="0"/>
      <metrics loc="148" ncloc="142" classes="1" methods="16" coveredmethods="14" conditionals="0" coveredconditionals="0" statements="28" coveredstatements="23" elements="44" coveredelements="37"/>
    </file>
    <file name="C:\Users\josse\OneDrive\Bureau\ToDoList\src\Form\TaskType.php">
      <class name="App\Form\TaskType" namespace="global">
        <metrics complexity="1" methods="1" coveredmethods="1" conditionals="0" coveredconditionals="0" statements="15" coveredstatements="15" elements="16" coveredelements="16"/>
      </class>
      <line num="11" type="method" name="buildForm" visibility="public" complexity="1" crap="1" count="1"/>
      <line num="13" type="stmt" count="1"/>
      <line num="14" type="stmt" count="1"/>
      <line num="15" type="stmt" count="1"/>
      <line num="16" type="stmt" count="1"/>
      <line num="17" type="stmt" count="1"/>
      <line num="18" type="stmt" count="1"/>
      <line num="19" type="stmt" count="1"/>
      <line num="20" type="stmt" count="1"/>
      <line num="21" type="stmt" count="1"/>
      <line num="22" type="stmt" count="1"/>
      <line num="23" type="stmt" count="1"/>
      <line num="24" type="stmt" count="1"/>
      <line num="25" type="stmt" count="1"/>
      <line num="26" type="stmt" count="1"/>
      <line num="27" type="stmt" count="1"/>
      <metrics loc="30" ncloc="30" classes="1" methods="1" coveredmethods="1" conditionals="0" coveredconditionals="0" statements="15" coveredstatements="15" elements="16" coveredelements="16"/>
    </file>
    <file name="C:\Users\josse\OneDrive\Bureau\ToDoList\src\Form\UserType.php">
      <class name="App\Form\UserType" namespace="global">
        <metrics complexity="1" methods="1" coveredmethods="1" conditionals="0" coveredconditionals="0" statements="19" coveredstatements="19" elements="20" coveredelements="20"/>
      </class>
      <line num="15" type="method" name="buildForm" visibility="public" complexity="1" crap="1" count="3"/>
      <line num="17" type="stmt" count="3"/>
      <line num="18" type="stmt" count="3"/>
      <line num="19" type="stmt" count="3"/>
      <line num="20" type="stmt" count="3"/>
      <line num="21" type="stmt" count="3"/>
      <line num="22" type="stmt" count="3"/>
      <line num="23" type="stmt" count="3"/>
      <line num="24" type="stmt" count="3"/>
      <line num="25" type="stmt" count="3"/>
      <line num="26" type="stmt" count="3"/>
      <line num="27" type="stmt" count="3"/>
      <line num="28" type="stmt" count="3"/>
      <line num="29" type="stmt" count="3"/>
      <line num="30" type="stmt" count="3"/>
      <line num="31" type="stmt" count="3"/>
      <line num="32" type="stmt" count="3"/>
      <line num="33" type="stmt" count="3"/>
      <line num="34" type="stmt" count="3"/>
      <line num="35" type="stmt" count="3"/>
      <metrics loc="38" ncloc="38" classes="1" methods="1" coveredmethods="1" conditionals="0" coveredconditionals="0" statements="19" coveredstatements="19" elements="20" coveredelements="20"/>
    </file>
    <file name="C:\Users\josse\OneDrive\Bureau\ToDoList\src\Kernel.php">
      <class name="App\Kernel" namespace="global">
        <metrics complexity="0" methods="0" coveredmethods="0" conditionals="0" coveredconditionals="0" statements="0" coveredstatements="0" elements="0" coveredelements="0"/>
      </class>
      <metrics loc="12" ncloc="12" classes="0" methods="0" coveredmethods="0" conditionals="0" coveredconditionals="0" statements="0" coveredstatements="0" elements="0" coveredelements="0"/>
    </file>
    <file name="C:\Users\josse\OneDrive\Bureau\ToDoList\src\Repository\TaskRepository.php">
      <class name="App\Repository\TaskRepository" namespace="global">
        <metrics complexity="5" methods="3" coveredmethods="3" conditionals="0" coveredconditionals="0" statements="7" coveredstatements="7" elements="10" coveredelements="10"/>
      </class>
      <line num="19" type="method" name="__construct" visibility="public" complexity="1" crap="1" count="9"/>
      <line num="21" type="stmt" count="9"/>
      <line num="24" type="method" name="save" visibility="public" complexity="2" crap="2" count="3"/>
      <line num="26" type="stmt" count="3"/>
      <line num="28" type="stmt" count="3"/>
      <line num="29" type="stmt" count="3"/>
      <line num="33" type="method" name="remove" visibility="public" complexity="2" crap="2" count="2"/>
      <line num="35" type="stmt" count="2"/>
      <line num="37" type="stmt" count="2"/>
      <line num="38" type="stmt" count="2"/>
      <metrics loc="41" ncloc="33" classes="1" methods="3" coveredmethods="3" conditionals="0" coveredconditionals="0" statements="7" coveredstatements="7" elements="10" coveredelements="10"/>
    </file>
    <file name="C:\Users\josse\OneDrive\Bureau\ToDoList\src\Repository\UserRepository.php">
      <class name="App\Repository\UserRepository" namespace="global">
        <metrics complexity="7" methods="4" coveredmethods="3" conditionals="0" coveredconditionals="0" statements="11" coveredstatements="10" elements="15" coveredelements="13"/>
      </class>
      <line num="22" type="method" name="__construct" visibility="public" complexity="1" crap="1" count="13"/>
      <line num="24" type="stmt" count="13"/>
      <line num="27" type="method" name="save" visibility="public" complexity="2" crap="2" count="4"/>
      <line num="29" type="stmt" count="4"/>
      <line num="31" type="stmt" count="4"/>
      <line num="32" type="stmt" count="4"/>
      <line num="36" type="method" name="remove" visibility="public" complexity="2" crap="2" count="1"/>
      <line num="38" type="stmt" count="1"/>
      <line num="40" type="stmt" count="1"/>
      <line num="41" type="stmt" count="1"/>
      <line num="48" type="method" name="upgradePassword" visibility="public" complexity="2" crap="2.06" count="1"/>
      <line num="50" type="stmt" count="1"/>
      <line num="51" type="stmt" count="0"/>
      <line num="54" type="stmt" count="1"/>
      <line num="56" type="stmt" count="1"/>
      <metrics loc="83" ncloc="49" classes="1" methods="4" coveredmethods="3" conditionals="0" coveredconditionals="0" statements="11" coveredstatements="10" elements="15" coveredelements="13"/>
    </file>
    <file name="C:\Users\josse\OneDrive\Bureau\ToDoList\tests\Controller\DefaultControllerTest.php">
      <class name="App\Tests\Controller\DefaultControllerTest" namespace="global">
        <metrics complexity="1" methods="1" coveredmethods="1" conditionals="0" coveredconditionals="0" statements="6" coveredstatements="6" elements="7" coveredelements="7"/>
      </class>
      <line num="9" type="method" name="testHomePage" visibility="public" complexity="1" crap="1" count="1"/>
      <line num="12" type="stmt" count="1"/>
      <line num="15" type="stmt" count="1"/>
      <line num="19" type="stmt" count="1"/>
      <line num="22" type="stmt" count="1"/>
      <line num="25" type="stmt" count="1"/>
      <line num="26" type="stmt" count="1"/>
      <metrics loc="29" ncloc="23" classes="1" methods="1" coveredmethods="1" conditionals="0" coveredconditionals="0" statements="6" coveredstatements="6" elements="7" coveredelements="7"/>
    </file>
    <file name="C:\Users\josse\OneDrive\Bureau\ToDoList\tests\Controller\SecurityControllerTest.php">
      <class name="App\Tests\Controller\SecurityControllerTest" namespace="global">
        <metrics complexity="6" methods="6" coveredmethods="6" conditionals="0" coveredconditionals="0" statements="36" coveredstatements="36" elements="42" coveredelements="42"/>
      </class>
      <line num="14" type="method" name="setUp" visibility="public" complexity="1" crap="1" count="5"/>
      <line num="16" type="stmt" count="5"/>
      <line num="19" type="method" name="testLoginPage" visibility="public" complexity="1" crap="1" count="1"/>
      <line num="21" type="stmt" count="1"/>
      <line num="22" type="stmt" count="1"/>
      <line num="25" type="method" name="testLoginUser" visibility="public" complexity="1" crap="1" count="2"/>
      <line num="28" type="stmt" count="2"/>
      <line num="31" type="stmt" count="2"/>
      <line num="32" type="stmt" count="2"/>
      <line num="33" type="stmt" count="2"/>
      <line num="34" type="stmt" count="2"/>
      <line num="37" type="stmt" count="2"/>
      <line num="40" type="stmt" count="2"/>
      <line num="41" type="stmt" count="2"/>
      <line num="42" type="stmt" count="2"/>
      <line num="46" type="method" name="testLoginBadAuthentication" visibility="public" complexity="1" crap="1" count="1"/>
      <line num="49" type="stmt" count="1"/>
      <line num="52" type="stmt" count="1"/>
      <line num="53" type="stmt" count="1"/>
      <line num="54" type="stmt" count="1"/>
      <line num="55" type="stmt" count="1"/>
      <line num="58" type="stmt" count="1"/>
      <line num="61" type="stmt" count="1"/>
      <line num="64" type="stmt" count="1"/>
      <line num="67" type="stmt" count="1"/>
      <line num="68" type="stmt" count="1"/>
      <line num="69" type="stmt" count="1"/>
      <line num="74" type="method" name="testLogin" visibility="public" complexity="1" crap="1" count="1"/>
      <line num="77" type="stmt" count="1"/>
      <line num="80" type="stmt" count="1"/>
      <line num="83" type="stmt" count="1"/>
      <line num="86" type="stmt" count="1"/>
      <line num="90" type="stmt" count="1"/>
      <line num="92" type="stmt" count="1"/>
      <line num="93" type="stmt" count="1"/>
      <line num="97" type="method" name="testLogOut" visibility="public" complexity="1" crap="1" count="1"/>
      <line num="100" type="stmt" count="1"/>
      <line num="103" type="stmt" count="1"/>
      <line num="106" type="stmt" count="1"/>
      <line num="109" type="stmt" count="1"/>
      <line num="112" type="stmt" count="1"/>
      <line num="113" type="stmt" count="1"/>
      <metrics loc="117" ncloc="97" classes="1" methods="6" coveredmethods="6" conditionals="0" coveredconditionals="0" statements="36" coveredstatements="36" elements="42" coveredelements="42"/>
    </file>
    <file name="C:\Users\josse\OneDrive\Bureau\ToDoList\tests\Controller\TaskControllerTest.php">
      <class name="App\Tests\Controller\TaskControllerTest" namespace="global">
        <metrics complexity="9" methods="9" coveredmethods="9" conditionals="0" coveredconditionals="0" statements="81" coveredstatements="81" elements="90" coveredelements="90"/>
      </class>
      <line num="22" type="method" name="setUp" visibility="protected" complexity="1" crap="1" count="8"/>
      <line num="24" type="stmt" count="8"/>
      <line num="25" type="stmt" count="8"/>
      <line num="26" type="stmt" count="8"/>
      <line num="29" type="stmt" count="8"/>
      <line num="32" type="method" name="testListWhenNotAuthenticate" visibility="public" complexity="1" crap="1" count="1"/>
      <line num="34" type="stmt" count="1"/>
      <line num="37" type="stmt" count="1"/>
      <line num="40" type="stmt" count="1"/>
      <line num="43" type="stmt" count="1"/>
      <line num="46" type="stmt" count="1"/>
      <line num="50" type="method" name="testListWhenAuthenticateAsUser" visibility="public" complexity="1" crap="1" count="1"/>
      <line num="53" type="stmt" count="1"/>
      <line num="56" type="stmt" count="1"/>
      <line num="57" type="stmt" count="1"/>
      <line num="58" type="stmt" count="1"/>
      <line num="59" type="stmt" count="1"/>
      <line num="62" type="stmt" count="1"/>
      <line num="65" type="stmt" count="1"/>
      <line num="68" type="stmt" count="1"/>
      <line num="74" type="method" name="testCreateTaskLinkedToUser" visibility="public" complexity="1" crap="1" count="1"/>
      <line num="77" type="stmt" count="1"/>
      <line num="80" type="stmt" count="1"/>
      <line num="83" type="stmt" count="1"/>
      <line num="84" type="stmt" count="1"/>
      <line num="85" type="stmt" count="1"/>
      <line num="88" type="stmt" count="1"/>
      <line num="91" type="stmt" count="1"/>
      <line num="94" type="stmt" count="1"/>
      <line num="98" type="stmt" count="1"/>
      <line num="99" type="stmt" count="1"/>
      <line num="102" type="stmt" count="1"/>
      <line num="107" type="method" name="testEditTaskByAnUser" visibility="public" complexity="1" crap="1" count="1"/>
      <line num="110" type="stmt" count="1"/>
      <line num="113" type="stmt" count="1"/>
      <line num="116" type="stmt" count="1"/>
      <line num="119" type="stmt" count="1"/>
      <line num="122" type="stmt" count="1"/>
      <line num="125" type="stmt" count="1"/>
      <line num="128" type="stmt" count="1"/>
      <line num="131" type="stmt" count="1"/>
      <line num="132" type="stmt" count="1"/>
      <line num="133" type="stmt" count="1"/>
      <line num="134" type="stmt" count="1"/>
      <line num="135" type="stmt" count="1"/>
      <line num="138" type="stmt" count="1"/>
      <line num="141" type="stmt" count="1"/>
      <line num="143" type="stmt" count="1"/>
      <line num="146" type="stmt" count="1"/>
      <line num="149" type="stmt" count="1"/>
      <line num="153" type="method" name="testToggleTaskWithSuccess" visibility="public" complexity="1" crap="1" count="1"/>
      <line num="155" type="stmt" count="1"/>
      <line num="157" type="stmt" count="1"/>
      <line num="159" type="stmt" count="1"/>
      <line num="160" type="stmt" count="1"/>
      <line num="161" type="stmt" count="1"/>
      <line num="162" type="stmt" count="1"/>
      <line num="163" type="stmt" count="1"/>
      <line num="164" type="stmt" count="1"/>
      <line num="165" type="stmt" count="1"/>
      <line num="168" type="method" name="testToggleTaskWithNotAGoodUser" visibility="public" complexity="1" crap="1" count="1"/>
      <line num="170" type="stmt" count="1"/>
      <line num="172" type="stmt" count="1"/>
      <line num="173" type="stmt" count="1"/>
      <line num="175" type="stmt" count="1"/>
      <line num="177" type="stmt" count="1"/>
      <line num="178" type="stmt" count="1"/>
      <line num="179" type="stmt" count="1"/>
      <line num="181" type="stmt" count="1"/>
      <line num="182" type="stmt" count="1"/>
      <line num="183" type="stmt" count="1"/>
      <line num="184" type="stmt" count="1"/>
      <line num="188" type="method" name="testAdminDeleteHisTask" visibility="public" complexity="1" crap="1" count="1"/>
      <line num="191" type="stmt" count="1"/>
      <line num="194" type="stmt" count="1"/>
      <line num="197" type="stmt" count="1"/>
      <line num="199" type="stmt" count="1"/>
      <line num="201" type="stmt" count="1"/>
      <line num="204" type="stmt" count="1"/>
      <line num="207" type="stmt" count="1"/>
      <line num="210" type="stmt" count="1"/>
      <line num="213" type="method" name="testUserDeleteHisTask" visibility="public" complexity="1" crap="1" count="1"/>
      <line num="216" type="stmt" count="1"/>
      <line num="219" type="stmt" count="1"/>
      <line num="222" type="stmt" count="1"/>
      <line num="224" type="stmt" count="1"/>
      <line num="227" type="stmt" count="1"/>
      <line num="230" type="stmt" count="1"/>
      <line num="233" type="stmt" count="1"/>
      <line num="236" type="stmt" count="1"/>
      <metrics loc="239" ncloc="193" classes="1" methods="9" coveredmethods="9" conditionals="0" coveredconditionals="0" statements="81" coveredstatements="81" elements="90" coveredelements="90"/>
    </file>
    <file name="C:\Users\josse\OneDrive\Bureau\ToDoList\tests\Controller\UserControllerTest.php">
      <class name="App\Tests\Controller\UserControllerTest" namespace="global">
        <metrics complexity="6" methods="6" coveredmethods="6" conditionals="0" coveredconditionals="0" statements="61" coveredstatements="61" elements="67" coveredelements="67"/>
      </class>
      <line num="15" type="method" name="setUp" visibility="public" complexity="1" crap="1" count="5"/>
      <line num="17" type="stmt" count="5"/>
      <line num="20" type="method" name="testListWhenNotLogIn" visibility="public" complexity="1" crap="1" count="1"/>
      <line num="22" type="stmt" count="1"/>
      <line num="24" type="stmt" count="1"/>
      <line num="25" type="stmt" count="1"/>
      <line num="27" type="stmt" count="1"/>
      <line num="28" type="stmt" count="1"/>
      <line num="31" type="method" name="testCreateUserPageUnauthorizedToRoleUser" visibility="public" complexity="1" crap="1" count="1"/>
      <line num="34" type="stmt" count="1"/>
      <line num="35" type="stmt" count="1"/>
      <line num="37" type="stmt" count="1"/>
      <line num="39" type="stmt" count="1"/>
      <line num="40" type="stmt" count="1"/>
      <line num="41" type="stmt" count="1"/>
      <line num="45" type="method" name="testUsersPageAuthorizedForAdmin" visibility="public" complexity="1" crap="1" count="1"/>
      <line num="47" type="stmt" count="1"/>
      <line num="49" type="stmt" count="1"/>
      <line num="51" type="stmt" count="1"/>
      <line num="52" type="stmt" count="1"/>
      <line num="53" type="stmt" count="1"/>
      <line num="54" type="stmt" count="1"/>
      <line num="58" type="method" name="testCreateUserByAdmin" visibility="public" complexity="1" crap="1" count="1"/>
      <line num="60" type="stmt" count="1"/>
      <line num="61" type="stmt" count="1"/>
      <line num="62" type="stmt" count="1"/>
      <line num="64" type="stmt" count="1"/>
      <line num="66" type="stmt" count="1"/>
      <line num="67" type="stmt" count="1"/>
      <line num="68" type="stmt" count="1"/>
      <line num="70" type="stmt" count="1"/>
      <line num="71" type="stmt" count="1"/>
      <line num="72" type="stmt" count="1"/>
      <line num="73" type="stmt" count="1"/>
      <line num="74" type="stmt" count="1"/>
      <line num="75" type="stmt" count="1"/>
      <line num="77" type="stmt" count="1"/>
      <line num="80" type="stmt" count="1"/>
      <line num="82" type="stmt" count="1"/>
      <line num="85" type="stmt" count="1"/>
      <line num="86" type="stmt" count="1"/>
      <line num="87" type="stmt" count="1"/>
      <line num="88" type="stmt" count="1"/>
      <line num="89" type="stmt" count="1"/>
      <line num="94" type="method" name="testEditUserByAdmin" visibility="public" complexity="1" crap="1" count="1"/>
      <line num="96" type="stmt" count="1"/>
      <line num="97" type="stmt" count="1"/>
      <line num="98" type="stmt" count="1"/>
      <line num="100" type="stmt" count="1"/>
      <line num="101" type="stmt" count="1"/>
      <line num="103" type="stmt" count="1"/>
      <line num="104" type="stmt" count="1"/>
      <line num="105" type="stmt" count="1"/>
      <line num="107" type="stmt" count="1"/>
      <line num="108" type="stmt" count="1"/>
      <line num="109" type="stmt" count="1"/>
      <line num="110" type="stmt" count="1"/>
      <line num="111" type="stmt" count="1"/>
      <line num="112" type="stmt" count="1"/>
      <line num="114" type="stmt" count="1"/>
      <line num="115" type="stmt" count="1"/>
      <line num="116" type="stmt" count="1"/>
      <line num="119" type="stmt" count="1"/>
      <line num="120" type="stmt" count="1"/>
      <line num="121" type="stmt" count="1"/>
      <line num="122" type="stmt" count="1"/>
      <line num="123" type="stmt" count="1"/>
      <metrics loc="126" ncloc="121" classes="1" methods="6" coveredmethods="6" conditionals="0" coveredconditionals="0" statements="61" coveredstatements="61" elements="67" coveredelements="67"/>
    </file>
    <file name="C:\Users\josse\OneDrive\Bureau\ToDoList\tests\Entity\TaskTest.php">
      <class name="App\Tests\Entity\TaskTest" namespace="global">
        <metrics complexity="3" methods="3" coveredmethods="3" conditionals="0" coveredconditionals="0" statements="10" coveredstatements="10" elements="13" coveredelements="13"/>
      </class>
      <line num="11" type="method" name="testTitleTask" visibility="public" complexity="1" crap="1" count="1"/>
      <line num="13" type="stmt" count="1"/>
      <line num="14" type="stmt" count="1"/>
      <line num="15" type="stmt" count="1"/>
      <line num="18" type="method" name="testContentTask" visibility="public" complexity="1" crap="1" count="1"/>
      <line num="20" type="stmt" count="1"/>
      <line num="21" type="stmt" count="1"/>
      <line num="22" type="stmt" count="1"/>
      <line num="25" type="method" name="testAuthorTask" visibility="public" complexity="1" crap="1" count="1"/>
      <line num="27" type="stmt" count="1"/>
      <line num="29" type="stmt" count="1"/>
      <line num="32" type="stmt" count="1"/>
      <line num="35" type="stmt" count="1"/>
      <metrics loc="37" ncloc="35" classes="1" methods="3" coveredmethods="3" conditionals="0" coveredconditionals="0" statements="10" coveredstatements="10" elements="13" coveredelements="13"/>
    </file>
    <file name="C:\Users\josse\OneDrive\Bureau\ToDoList\tests\Entity\UserTest.php">
      <class name="App\Tests\Entity\UserTest" namespace="global">
        <metrics complexity="1" methods="1" coveredmethods="1" conditionals="0" coveredconditionals="0" statements="9" coveredstatements="9" elements="10" coveredelements="10"/>
      </class>
      <line num="10" type="method" name="testCreateUserIsTrue" visibility="public" complexity="1" crap="1" count="1"/>
      <line num="12" type="stmt" count="1"/>
      <line num="14" type="stmt" count="1"/>
      <line num="15" type="stmt" count="1"/>
      <line num="16" type="stmt" count="1"/>
      <line num="17" type="stmt" count="1"/>
      <line num="19" type="stmt" count="1"/>
      <line num="20" type="stmt" count="1"/>
      <line num="21" type="stmt" count="1"/>
      <line num="22" type="stmt" count="1"/>
      <metrics loc="24" ncloc="24" classes="1" methods="1" coveredmethods="1" conditionals="0" coveredconditionals="0" statements="9" coveredstatements="9" elements="10" coveredelements="10"/>
    </file>
    <file name="C:\Users\josse\OneDrive\Bureau\ToDoList\tests\Fixtures\AppFixturesTest.php">
      <class name="AppFixturesTest" namespace="global">
        <metrics complexity="5" methods="2" coveredmethods="2" conditionals="0" coveredconditionals="0" statements="26" coveredstatements="26" elements="28" coveredelements="28"/>
      </class>
      <line num="13" type="method" name="setUp" visibility="public" complexity="2" crap="2" count="1"/>
      <line num="15" type="stmt" count="1"/>
      <line num="17" type="stmt" count="1"/>
      <line num="18" type="stmt" count="1"/>
      <line num="23" type="method" name="testFixturesLoadSuccessfully" visibility="public" complexity="3" crap="3" count="1"/>
      <line num="25" type="stmt" count="1"/>
      <line num="26" type="stmt" count="1"/>
      <line num="27" type="stmt" count="1"/>
      <line num="28" type="stmt" count="1"/>
      <line num="29" type="stmt" count="1"/>
      <line num="32" type="stmt" count="1"/>
      <line num="33" type="stmt" count="1"/>
      <line num="36" type="stmt" count="1"/>
      <line num="37" type="stmt" count="1"/>
      <line num="38" type="stmt" count="1"/>
      <line num="41" type="stmt" count="1"/>
      <line num="42" type="stmt" count="1"/>
      <line num="43" type="stmt" count="1"/>
      <line num="44" type="stmt" count="1"/>
      <line num="45" type="stmt" count="1"/>
      <line num="49" type="stmt" count="1"/>
      <line num="50" type="stmt" count="1"/>
      <line num="51" type="stmt" count="1"/>
      <line num="53" type="stmt" count="1"/>
      <line num="54" type="stmt" count="1"/>
      <line num="55" type="stmt" count="1"/>
      <line num="56" type="stmt" count="1"/>
      <line num="57" type="stmt" count="1"/>
      <metrics loc="61" ncloc="46" classes="1" methods="2" coveredmethods="2" conditionals="0" coveredconditionals="0" statements="26" coveredstatements="26" elements="28" coveredelements="28"/>
    </file>
    <file name="C:\Users\josse\OneDrive\Bureau\ToDoList\tests\Repository\UserRepositoryTest.php">
      <class name="App\Tests\Repository\UserRepositoryTest" namespace="global">
        <metrics complexity="5" methods="4" coveredmethods="4" conditionals="0" coveredconditionals="0" statements="36" coveredstatements="36" elements="40" coveredelements="40"/>
      </class>
      <line num="16" type="method" name="setUp" visibility="protected" complexity="1" crap="1" count="3"/>
      <line num="18" type="stmt" count="3"/>
      <line num="19" type="stmt" count="3"/>
      <line num="20" type="stmt" count="3"/>
      <line num="22" type="method" name="testRemoveUser" visibility="public" complexity="2" crap="2" count="1"/>
      <line num="24" type="stmt" count="1"/>
      <line num="25" type="stmt" count="1"/>
      <line num="28" type="stmt" count="1"/>
      <line num="29" type="stmt" count="1"/>
      <line num="32" type="stmt" count="1"/>
      <line num="33" type="stmt" count="1"/>
      <line num="34" type="stmt" count="1"/>
      <line num="36" type="stmt" count="1"/>
      <line num="40" type="method" name="testAddTask" visibility="public" complexity="1" crap="1" count="1"/>
      <line num="43" type="stmt" count="1"/>
      <line num="44" type="stmt" count="1"/>
      <line num="45" type="stmt" count="1"/>
      <line num="46" type="stmt" count="1"/>
      <line num="49" type="stmt" count="1"/>
      <line num="50" type="stmt" count="1"/>
      <line num="51" type="stmt" count="1"/>
      <line num="54" type="stmt" count="1"/>
      <line num="55" type="stmt" count="1"/>
      <line num="58" type="stmt" count="1"/>
      <line num="59" type="stmt" count="1"/>
      <line num="60" type="stmt" count="1"/>
      <line num="62" type="stmt" count="1"/>
      <line num="63" type="stmt" count="1"/>
      <line num="65" type="stmt" count="1"/>
      <line num="66" type="stmt" count="1"/>
      <line num="67" type="stmt" count="1"/>
      <line num="102" type="method" name="testUpgradePassword" visibility="public" complexity="1" crap="1" count="1"/>
      <line num="105" type="stmt" count="1"/>
      <line num="106" type="stmt" count="1"/>
      <line num="107" type="stmt" count="1"/>
      <line num="110" type="stmt" count="1"/>
      <line num="111" type="stmt" count="1"/>
      <line num="114" type="stmt" count="1"/>
      <line num="117" type="stmt" count="1"/>
      <line num="120" type="stmt" count="1"/>
      <metrics loc="125" ncloc="91" classes="1" methods="4" coveredmethods="4" conditionals="0" coveredconditionals="0" statements="36" coveredstatements="36" elements="40" coveredelements="40"/>
    </file>
    <metrics files="20" loc="1559" ncloc="1363" classes="19" methods="81" coveredmethods="72" conditionals="0" coveredconditionals="0" statements="483" coveredstatements="422" elements="564" coveredelements="494"/>
  </project>
</coverage>
